<?xml version="1.0" encoding="UTF-8" ?>
<testsuite tests="3" failures="0" name="org.github.onetwostory.CarChooseTest" time="0.04" errors="0" skipped="0">
  <properties>
[...]
</properties>
  <testcase classname="org.github.onetwostory.CarChooseTest" name="chooseByYearAndPrice" time="0.01"/>
  <testcase classname="org.github.onetwostory.CarChooseTest" name="chooseByModelAndExpluatation" time="0.027"/>
  <testcase classname="org.github.onetwostory.CarChooseTest" name="chooseByCompany" time="0.003"/>
</testsuite>